0 info it worked if it ends with ok
1 verbose cli [ '/usr/local/node/bin/node',
1 verbose cli   '/usr/local/node/bin/npm',
1 verbose cli   'start',
1 verbose cli   'index.html' ]
2 info using npm@2.5.1
3 info using node@v0.12.0
4 verbose config Skipping project config: /Users/emilemunyangabe/.npmrc. (matches userconfig)
5 verbose stack Error: ENOENT, open '/Users/emilemunyangabe/package.json'
5 verbose stack     at Error (native)
6 verbose cwd /Users/emilemunyangabe/Documents/knsite/kodenow
7 error Darwin 14.0.0
8 error argv "/usr/local/node/bin/node" "/usr/local/node/bin/npm" "start" "index.html"
9 error node v0.12.0
10 error npm  v2.5.1
11 error path /Users/emilemunyangabe/package.json
12 error code ENOENT
13 error errno -2
14 error enoent ENOENT, open '/Users/emilemunyangabe/package.json'
14 error enoent This is most likely not a problem with npm itself
14 error enoent and is related to npm not being able to find a file.
15 verbose exit [ -2, true ]
